<?xml version="1.0" encoding="UTF-8"?>
<!-- Generated by org.testng.reporters.JUnitReportReporter -->
<testsuite name="scripts.test_flipend" tests="1" time="40.300" ignored="0" failures="0" timestamp="05 Nov 2019 11:29:12 GMT" skipped="0" hostname="DESKTOP-FBB31E6" errors="0">
  <testcase name="test" time="40.300" classname="scripts.test_flipend"/>
</testsuite> <!-- scripts.test_flipend -->
